actionid: py35
msg: envreport
cmdargs: ['/app/.tox/py35/bin/pip', 'freeze']
env: {'HOSTNAME': 'a37f21751a88', 'GPG_KEY': '97FC712E4C024BBEA48A61ED3A5CA953F73C700D', 'PYTHONHASHSEED': '2685134967', 'PYTHONUNBUFFERED': '1', 'LANG': 'C.UTF-8', 'PYTHON_PIP_VERSION': '8.1.1', 'PWD': '/app', 'DJANGO_SETTINGS_MODULE': 'tshape.settings', 'TERM': 'xterm', 'VIRTUAL_ENV': '/app/.tox/py35', 'PATH': '/app/.tox/py35/bin:/usr/local/sbin:/usr/local/bin:/usr/sbin:/usr/bin:/sbin:/bin', 'SHLVL': '1', '_': '/usr/local/bin/tox', 'HOME': '/root', 'PYTHON_VERSION': '3.5.1'}

apipkg==1.4
coverage==4.0.3
Django==1.9.5
execnet==1.4.1
pep8==1.7.0
pluggy==0.3.1
psycopg2==2.6.1
py==1.4.31
pytest==2.9.1
pytest-cache==1.0
pytest-cov==2.2.1
pytest-mock==0.11.0
pytest-pep8==1.0.6
pytest-timeout==1.0.0
tox==2.3.1
virtualenv==15.0.1
