actionid: py35
msg: getenv
cmdargs: [local('/app/.tox/py35/bin/pip'), 'install', '--upgrade', '-rrequirements_dev.txt', 'pytest-cov', 'pytest-mock', 'pytest-pep8', 'pytest-timeout']
env: {'HOSTNAME': 'a37f21751a88', 'GPG_KEY': '97FC712E4C024BBEA48A61ED3A5CA953F73C700D', 'PYTHONHASHSEED': '2685134967', 'PYTHONUNBUFFERED': '1', 'LANG': 'C.UTF-8', 'PYTHON_PIP_VERSION': '8.1.1', 'PWD': '/app', 'DJANGO_SETTINGS_MODULE': 'tshape.settings', 'TERM': 'xterm', 'VIRTUAL_ENV': '/app/.tox/py35', 'PATH': '/app/.tox/py35/bin:/usr/local/sbin:/usr/local/bin:/usr/sbin:/usr/bin:/sbin:/bin', 'SHLVL': '1', '_': '/usr/local/bin/tox', 'HOME': '/root', 'PYTHON_VERSION': '3.5.1'}

Collecting pytest-cov
  Downloading pytest_cov-2.2.1-py2.py3-none-any.whl
Collecting pytest-mock
  Downloading pytest_mock-0.11.0-py2.py3-none-any.whl
Collecting pytest-pep8
  Downloading pytest-pep8-1.0.6.tar.gz
Collecting pytest-timeout
  Downloading pytest_timeout-1.0.0-py2.py3-none-any.whl
Collecting Django (from -r requirements_dev.txt (line 1))
  Using cached Django-1.9.5-py2.py3-none-any.whl
Collecting psycopg2 (from -r requirements_dev.txt (line 2))
  Using cached psycopg2-2.6.1.tar.gz
Collecting tox (from -r requirements_dev.txt (line 3))
  Using cached tox-2.3.1-py2.py3-none-any.whl
Collecting pytest>=2.6.0 (from pytest-cov)
  Downloading pytest-2.9.1-py2.py3-none-any.whl (161kB)
Collecting coverage>=3.7.1 (from pytest-cov)
  Downloading coverage-4.0.3.tar.gz (354kB)
Collecting pytest-cache (from pytest-pep8)
  Downloading pytest-cache-1.0.tar.gz
Collecting pep8>=1.3 (from pytest-pep8)
  Downloading pep8-1.7.0-py2.py3-none-any.whl (41kB)
Collecting virtualenv>=1.11.2 (from tox->-r requirements_dev.txt (line 3))
  Using cached virtualenv-15.0.1-py2.py3-none-any.whl
Collecting py>=1.4.17 (from tox->-r requirements_dev.txt (line 3))
  Using cached py-1.4.31-py2.py3-none-any.whl
Collecting pluggy<0.4.0,>=0.3.0 (from tox->-r requirements_dev.txt (line 3))
  Using cached pluggy-0.3.1-py2.py3-none-any.whl
Collecting execnet>=1.1.dev1 (from pytest-cache->pytest-pep8)
  Downloading execnet-1.4.1-py2.py3-none-any.whl (40kB)
Collecting apipkg>=1.4 (from execnet>=1.1.dev1->pytest-cache->pytest-pep8)
  Downloading apipkg-1.4-py2.py3-none-any.whl
Building wheels for collected packages: pytest-pep8, psycopg2, coverage, pytest-cache
  Running setup.py bdist_wheel for pytest-pep8: started
  Running setup.py bdist_wheel for pytest-pep8: finished with status 'done'
  Stored in directory: /root/.cache/pip/wheels/d2/d2/9d/8739c10757fd55b005e61a59ed2374ca57e12c01122157d7c9
  Running setup.py bdist_wheel for psycopg2: started
  Running setup.py bdist_wheel for psycopg2: finished with status 'done'
  Stored in directory: /root/.cache/pip/wheels/e2/9a/5e/7b620848bbc7cfb9084aafea077be11618c2b5067bd532f329
  Running setup.py bdist_wheel for coverage: started
  Running setup.py bdist_wheel for coverage: finished with status 'done'
  Stored in directory: /root/.cache/pip/wheels/ad/e9/43/c707c8a790537e194952b96ebaa8156bdee0e6ec6115c6f140
  Running setup.py bdist_wheel for pytest-cache: started
  Running setup.py bdist_wheel for pytest-cache: finished with status 'done'
  Stored in directory: /root/.cache/pip/wheels/e4/b8/e1/ff3adc82d85567a62b584067c82bf96851f21824dbd2ebc710
Successfully built pytest-pep8 psycopg2 coverage pytest-cache
Installing collected packages: py, pytest, coverage, pytest-cov, pytest-mock, apipkg, execnet, pytest-cache, pep8, pytest-pep8, pytest-timeout, Django, psycopg2, virtualenv, pluggy, tox
Successfully installed Django-1.9.5 apipkg-1.4 coverage-4.0.3 execnet-1.4.1 pep8-1.7.0 pluggy-0.3.1 psycopg2-2.6.1 py-1.4.31 pytest-2.9.1 pytest-cache-1.0 pytest-cov-2.2.1 pytest-mock-0.11.0 pytest-pep8-1.0.6 pytest-timeout-1.0.0 tox-2.3.1 virtualenv-15.0.1
